status file for recon-all
Fri Jun 18 11:43:36 EDT 2021
#@# MotionCor Fri Jun 18 11:43:40 EDT 2021
#@# Talairach Fri Jun 18 11:43:48 EDT 2021
#@# Talairach Failure Detection Fri Jun 18 11:45:17 EDT 2021
#@# Nu Intensity Correction Fri Jun 18 11:45:17 EDT 2021
#@# Intensity Normalization Fri Jun 18 11:47:01 EDT 2021
recon-all -s sub-sid000560 finished without error at Fri Jun 18 11:48:51 EDT 2021



New invocation of recon-all 



status file for recon-all
Fri Jun 18 11:50:06 EDT 2021
#@# EM Registration Fri Jun 18 11:50:06 EDT 2021
#@# CA Normalize Fri Jun 18 11:53:07 EDT 2021
#@# CA Reg Fri Jun 18 11:54:32 EDT 2021
#@# SubCort Seg Fri Jun 18 13:25:05 EDT 2021
#@# Merge ASeg Fri Jun 18 14:16:53 EDT 2021
#@# Intensity Normalization2 Fri Jun 18 14:16:53 EDT 2021
#@# Mask BFS Fri Jun 18 14:19:32 EDT 2021
#@# WM Segmentation Fri Jun 18 14:19:36 EDT 2021
#@# Fill Fri Jun 18 14:21:37 EDT 2021
recon-all -s sub-sid000560 finished without error at Fri Jun 18 14:22:15 EDT 2021



New invocation of recon-all 



status file for recon-all
Mon Jun 21 12:50:11 EDT 2021
#@# SubCort Seg Mon Jun 21 12:50:11 EDT 2021
#@# Merge ASeg Mon Jun 21 13:49:08 EDT 2021
recon-all -s sub-sid000560 finished without error at Mon Jun 21 13:49:09 EDT 2021
