
Bad key "text.kerning_factor" on line 4 in
/om2/user/jsmentch/anaconda/envs/dyneusr/lib/python3.6/site-packages/matplotlib/mpl-data/stylelib/_classic_test_patch.mplstyle.
You probably need to get an updated matplotlibrc file from
http://github.com/matplotlib/matplotlib/blob/master/matplotlibrc.template
or from the matplotlib source distribution

Bad key "text.kerning_factor" on line 4 in
/om2/user/jsmentch/anaconda/envs/dyneusr/lib/python3.6/site-packages/matplotlib/mpl-data/stylelib/_classic_test_patch.mplstyle.
You probably need to get an updated matplotlibrc file from
http://github.com/matplotlib/matplotlib/blob/master/matplotlibrc.template
or from the matplotlib source distribution

Bad key "text.kerning_factor" on line 4 in
/om2/user/jsmentch/anaconda/envs/dyneusr/lib/python3.6/site-packages/matplotlib/mpl-data/stylelib/_classic_test_patch.mplstyle.
You probably need to get an updated matplotlibrc file from
http://github.com/matplotlib/matplotlib/blob/master/matplotlibrc.template
or from the matplotlib source distribution

Bad key "text.kerning_factor" on line 4 in
/om2/user/jsmentch/anaconda/envs/dyneusr/lib/python3.6/site-packages/matplotlib/mpl-data/stylelib/_classic_test_patch.mplstyle.
You probably need to get an updated matplotlibrc file from
http://github.com/matplotlib/matplotlib/blob/master/matplotlibrc.template
or from the matplotlib source distribution

Bad key "text.kerning_factor" on line 4 in
/om2/user/jsmentch/anaconda/envs/dyneusr/lib/python3.6/site-packages/matplotlib/mpl-data/stylelib/_classic_test_patch.mplstyle.
You probably need to get an updated matplotlibrc file from
http://github.com/matplotlib/matplotlib/blob/master/matplotlibrc.template
or from the matplotlib source distribution
