sub-NDARBE091BGD
<IPython.core.display.HTML object>
checking /om/scratch/Thu/jsmentch/hbn_cifti_cleaned/smoothed/filtered/sub-NDARBE091BGD/sub-NDARBE091BGD_clean_task-movieTP_space-fsLR_den-91k_bold.dtseries.nii
sub-NDARBG831VK4
<IPython.core.display.HTML object>
checking /om/scratch/Thu/jsmentch/hbn_cifti_cleaned/smoothed/filtered/sub-NDARBG831VK4/sub-NDARBG831VK4_clean_task-movieTP_space-fsLR_den-91k_bold.dtseries.nii
processing /om/scratch/Thu/jsmentch/hbn_cifti_cleaned/smoothed/filtered/sub-NDARBG831VK4/sub-NDARBG831VK4_clean_task-movieTP_space-fsLR_den-91k_bold.dtseries.nii
saved ../outputs/mapper/HBN/TP/degreelist/sub-NDARBG831VK4_TP.npy
sub-NDARBF176LPM
<IPython.core.display.HTML object>
checking /om/scratch/Thu/jsmentch/hbn_cifti_cleaned/smoothed/filtered/sub-NDARBF176LPM/sub-NDARBF176LPM_clean_task-movieTP_space-fsLR_den-91k_bold.dtseries.nii
processing /om/scratch/Thu/jsmentch/hbn_cifti_cleaned/smoothed/filtered/sub-NDARBF176LPM/sub-NDARBF176LPM_clean_task-movieTP_space-fsLR_den-91k_bold.dtseries.nii
saved ../outputs/mapper/HBN/TP/degreelist/sub-NDARBF176LPM_TP.npy
sub-NDARBG574KF4
<IPython.core.display.HTML object>
checking /om/scratch/Thu/jsmentch/hbn_cifti_cleaned/smoothed/filtered/sub-NDARBG574KF4/sub-NDARBG574KF4_clean_task-movieTP_space-fsLR_den-91k_bold.dtseries.nii
processing /om/scratch/Thu/jsmentch/hbn_cifti_cleaned/smoothed/filtered/sub-NDARBG574KF4/sub-NDARBG574KF4_clean_task-movieTP_space-fsLR_den-91k_bold.dtseries.nii
saved ../outputs/mapper/HBN/TP/degreelist/sub-NDARBG574KF4_TP.npy
sub-NDARZW262ZLV
<IPython.core.display.HTML object>
checking /om/scratch/Thu/jsmentch/hbn_cifti_cleaned/smoothed/filtered/sub-NDARZW262ZLV/sub-NDARZW262ZLV_clean_task-movieTP_space-fsLR_den-91k_bold.dtseries.nii
