sub-NDAREF164ZUJ
<IPython.core.display.HTML object>
checking /om/scratch/Thu/jsmentch/hbn_cifti_cleaned/smoothed/filtered/sub-NDAREF164ZUJ/sub-NDAREF164ZUJ_clean_task-movieTP_space-fsLR_den-91k_bold.dtseries.nii
processing /om/scratch/Thu/jsmentch/hbn_cifti_cleaned/smoothed/filtered/sub-NDAREF164ZUJ/sub-NDAREF164ZUJ_clean_task-movieTP_space-fsLR_den-91k_bold.dtseries.nii
saved ../outputs/mapper/HBN/TP/degreelist/sub-NDAREF164ZUJ_TP.npy
sub-NDARTW404GKM
<IPython.core.display.HTML object>
checking /om/scratch/Thu/jsmentch/hbn_cifti_cleaned/smoothed/filtered/sub-NDARTW404GKM/sub-NDARTW404GKM_clean_task-movieTP_space-fsLR_den-91k_bold.dtseries.nii
processing /om/scratch/Thu/jsmentch/hbn_cifti_cleaned/smoothed/filtered/sub-NDARTW404GKM/sub-NDARTW404GKM_clean_task-movieTP_space-fsLR_den-91k_bold.dtseries.nii
saved ../outputs/mapper/HBN/TP/degreelist/sub-NDARTW404GKM_TP.npy
sub-NDARUJ744NEU
<IPython.core.display.HTML object>
checking /om/scratch/Thu/jsmentch/hbn_cifti_cleaned/smoothed/filtered/sub-NDARUJ744NEU/sub-NDARUJ744NEU_clean_task-movieTP_space-fsLR_den-91k_bold.dtseries.nii
sub-NDARUR872MP9
<IPython.core.display.HTML object>
checking /om/scratch/Thu/jsmentch/hbn_cifti_cleaned/smoothed/filtered/sub-NDARUR872MP9/sub-NDARUR872MP9_clean_task-movieTP_space-fsLR_den-91k_bold.dtseries.nii
processing /om/scratch/Thu/jsmentch/hbn_cifti_cleaned/smoothed/filtered/sub-NDARUR872MP9/sub-NDARUR872MP9_clean_task-movieTP_space-fsLR_den-91k_bold.dtseries.nii
saved ../outputs/mapper/HBN/TP/degreelist/sub-NDARUR872MP9_TP.npy
sub-NDARWC801CB5
<IPython.core.display.HTML object>
checking /om/scratch/Thu/jsmentch/hbn_cifti_cleaned/smoothed/filtered/sub-NDARWC801CB5/sub-NDARWC801CB5_clean_task-movieTP_space-fsLR_den-91k_bold.dtseries.nii
