sub-NDARAG340ERT
<IPython.core.display.HTML object>
checking /om/scratch/Thu/jsmentch/hbn_cifti_cleaned/smoothed/filtered/sub-NDARAG340ERT/sub-NDARAG340ERT_clean_task-movieTP_space-fsLR_den-91k_bold.dtseries.nii
processing /om/scratch/Thu/jsmentch/hbn_cifti_cleaned/smoothed/filtered/sub-NDARAG340ERT/sub-NDARAG340ERT_clean_task-movieTP_space-fsLR_den-91k_bold.dtseries.nii
saved ../outputs/mapper/HBN/TP/degreelist/sub-NDARAG340ERT_TP.npy
sub-NDARAE358VBE
<IPython.core.display.HTML object>
checking /om/scratch/Thu/jsmentch/hbn_cifti_cleaned/smoothed/filtered/sub-NDARAE358VBE/sub-NDARAE358VBE_clean_task-movieTP_space-fsLR_den-91k_bold.dtseries.nii
processing /om/scratch/Thu/jsmentch/hbn_cifti_cleaned/smoothed/filtered/sub-NDARAE358VBE/sub-NDARAE358VBE_clean_task-movieTP_space-fsLR_den-91k_bold.dtseries.nii
saved ../outputs/mapper/HBN/TP/degreelist/sub-NDARAE358VBE_TP.npy
sub-NDARAU708TL8
<IPython.core.display.HTML object>
checking /om/scratch/Thu/jsmentch/hbn_cifti_cleaned/smoothed/filtered/sub-NDARAU708TL8/sub-NDARAU708TL8_clean_task-movieTP_space-fsLR_den-91k_bold.dtseries.nii
processing /om/scratch/Thu/jsmentch/hbn_cifti_cleaned/smoothed/filtered/sub-NDARAU708TL8/sub-NDARAU708TL8_clean_task-movieTP_space-fsLR_den-91k_bold.dtseries.nii
saved ../outputs/mapper/HBN/TP/degreelist/sub-NDARAU708TL8_TP.npy
sub-NDARAT709MMX
<IPython.core.display.HTML object>
checking /om/scratch/Thu/jsmentch/hbn_cifti_cleaned/smoothed/filtered/sub-NDARAT709MMX/sub-NDARAT709MMX_clean_task-movieTP_space-fsLR_den-91k_bold.dtseries.nii
processing /om/scratch/Thu/jsmentch/hbn_cifti_cleaned/smoothed/filtered/sub-NDARAT709MMX/sub-NDARAT709MMX_clean_task-movieTP_space-fsLR_den-91k_bold.dtseries.nii
saved ../outputs/mapper/HBN/TP/degreelist/sub-NDARAT709MMX_TP.npy
sub-NDARAH948UF0
<IPython.core.display.HTML object>
checking /om/scratch/Thu/jsmentch/hbn_cifti_cleaned/smoothed/filtered/sub-NDARAH948UF0/sub-NDARAH948UF0_clean_task-movieTP_space-fsLR_den-91k_bold.dtseries.nii
processing /om/scratch/Thu/jsmentch/hbn_cifti_cleaned/smoothed/filtered/sub-NDARAH948UF0/sub-NDARAH948UF0_clean_task-movieTP_space-fsLR_den-91k_bold.dtseries.nii
saved ../outputs/mapper/HBN/TP/degreelist/sub-NDARAH948UF0_TP.npy
