sub-NDARRM158VXD
<IPython.core.display.HTML object>
checking /om/scratch/Thu/jsmentch/hbn_cifti_cleaned/smoothed/filtered/sub-NDARRM158VXD/sub-NDARRM158VXD_clean_task-movieTP_space-fsLR_den-91k_bold.dtseries.nii
processing /om/scratch/Thu/jsmentch/hbn_cifti_cleaned/smoothed/filtered/sub-NDARRM158VXD/sub-NDARRM158VXD_clean_task-movieTP_space-fsLR_den-91k_bold.dtseries.nii
saved ../outputs/mapper/HBN/TP/degreelist/sub-NDARRM158VXD_TP.npy
sub-NDARUE603CHQ
<IPython.core.display.HTML object>
checking /om/scratch/Thu/jsmentch/hbn_cifti_cleaned/smoothed/filtered/sub-NDARUE603CHQ/sub-NDARUE603CHQ_clean_task-movieTP_space-fsLR_den-91k_bold.dtseries.nii
processing /om/scratch/Thu/jsmentch/hbn_cifti_cleaned/smoothed/filtered/sub-NDARUE603CHQ/sub-NDARUE603CHQ_clean_task-movieTP_space-fsLR_den-91k_bold.dtseries.nii
saved ../outputs/mapper/HBN/TP/degreelist/sub-NDARUE603CHQ_TP.npy
sub-NDARUF170ABA
<IPython.core.display.HTML object>
checking /om/scratch/Thu/jsmentch/hbn_cifti_cleaned/smoothed/filtered/sub-NDARUF170ABA/sub-NDARUF170ABA_clean_task-movieTP_space-fsLR_den-91k_bold.dtseries.nii
processing /om/scratch/Thu/jsmentch/hbn_cifti_cleaned/smoothed/filtered/sub-NDARUF170ABA/sub-NDARUF170ABA_clean_task-movieTP_space-fsLR_den-91k_bold.dtseries.nii
saved ../outputs/mapper/HBN/TP/degreelist/sub-NDARUF170ABA_TP.npy
sub-NDARUF828TV2
<IPython.core.display.HTML object>
checking /om/scratch/Thu/jsmentch/hbn_cifti_cleaned/smoothed/filtered/sub-NDARUF828TV2/sub-NDARUF828TV2_clean_task-movieTP_space-fsLR_den-91k_bold.dtseries.nii
processing /om/scratch/Thu/jsmentch/hbn_cifti_cleaned/smoothed/filtered/sub-NDARUF828TV2/sub-NDARUF828TV2_clean_task-movieTP_space-fsLR_den-91k_bold.dtseries.nii
saved ../outputs/mapper/HBN/TP/degreelist/sub-NDARUF828TV2_TP.npy
sub-NDARUF540ZJ1
<IPython.core.display.HTML object>
checking /om/scratch/Thu/jsmentch/hbn_cifti_cleaned/smoothed/filtered/sub-NDARUF540ZJ1/sub-NDARUF540ZJ1_clean_task-movieTP_space-fsLR_den-91k_bold.dtseries.nii
processing /om/scratch/Thu/jsmentch/hbn_cifti_cleaned/smoothed/filtered/sub-NDARUF540ZJ1/sub-NDARUF540ZJ1_clean_task-movieTP_space-fsLR_den-91k_bold.dtseries.nii
saved ../outputs/mapper/HBN/TP/degreelist/sub-NDARUF540ZJ1_TP.npy
