sub-NDARCA690EBC
<IPython.core.display.HTML object>
checking /om/scratch/Thu/jsmentch/hbn_cifti_cleaned/smoothed/filtered/sub-NDARCA690EBC/sub-NDARCA690EBC_clean_task-movieTP_space-fsLR_den-91k_bold.dtseries.nii
processing /om/scratch/Thu/jsmentch/hbn_cifti_cleaned/smoothed/filtered/sub-NDARCA690EBC/sub-NDARCA690EBC_clean_task-movieTP_space-fsLR_den-91k_bold.dtseries.nii
saved ../outputs/mapper/HBN/TP/degreelist/sub-NDARCA690EBC_TP.npy
sub-NDARJZ089HVP
<IPython.core.display.HTML object>
checking /om/scratch/Thu/jsmentch/hbn_cifti_cleaned/smoothed/filtered/sub-NDARJZ089HVP/sub-NDARJZ089HVP_clean_task-movieTP_space-fsLR_den-91k_bold.dtseries.nii
processing /om/scratch/Thu/jsmentch/hbn_cifti_cleaned/smoothed/filtered/sub-NDARJZ089HVP/sub-NDARJZ089HVP_clean_task-movieTP_space-fsLR_den-91k_bold.dtseries.nii
saved ../outputs/mapper/HBN/TP/degreelist/sub-NDARJZ089HVP_TP.npy
sub-NDARAA948VFH
<IPython.core.display.HTML object>
checking /om/scratch/Thu/jsmentch/hbn_cifti_cleaned/smoothed/filtered/sub-NDARAA948VFH/sub-NDARAA948VFH_clean_task-movieTP_space-fsLR_den-91k_bold.dtseries.nii
processing /om/scratch/Thu/jsmentch/hbn_cifti_cleaned/smoothed/filtered/sub-NDARAA948VFH/sub-NDARAA948VFH_clean_task-movieTP_space-fsLR_den-91k_bold.dtseries.nii
saved ../outputs/mapper/HBN/TP/degreelist/sub-NDARAA948VFH_TP.npy
sub-NDARAB055BPR
<IPython.core.display.HTML object>
checking /om/scratch/Thu/jsmentch/hbn_cifti_cleaned/smoothed/filtered/sub-NDARAB055BPR/sub-NDARAB055BPR_clean_task-movieTP_space-fsLR_den-91k_bold.dtseries.nii
processing /om/scratch/Thu/jsmentch/hbn_cifti_cleaned/smoothed/filtered/sub-NDARAB055BPR/sub-NDARAB055BPR_clean_task-movieTP_space-fsLR_den-91k_bold.dtseries.nii
saved ../outputs/mapper/HBN/TP/degreelist/sub-NDARAB055BPR_TP.npy
sub-NDARBT607PZL
<IPython.core.display.HTML object>
checking /om/scratch/Thu/jsmentch/hbn_cifti_cleaned/smoothed/filtered/sub-NDARBT607PZL/sub-NDARBT607PZL_clean_task-movieTP_space-fsLR_den-91k_bold.dtseries.nii
processing /om/scratch/Thu/jsmentch/hbn_cifti_cleaned/smoothed/filtered/sub-NDARBT607PZL/sub-NDARBT607PZL_clean_task-movieTP_space-fsLR_den-91k_bold.dtseries.nii
saved ../outputs/mapper/HBN/TP/degreelist/sub-NDARBT607PZL_TP.npy
