sub-NDARPL240HZT
<IPython.core.display.HTML object>
checking /om/scratch/Thu/jsmentch/hbn_cifti_cleaned/smoothed/filtered/sub-NDARPL240HZT/sub-NDARPL240HZT_clean_task-movieTP_space-fsLR_den-91k_bold.dtseries.nii
processing /om/scratch/Thu/jsmentch/hbn_cifti_cleaned/smoothed/filtered/sub-NDARPL240HZT/sub-NDARPL240HZT_clean_task-movieTP_space-fsLR_den-91k_bold.dtseries.nii
saved ../outputs/mapper/HBN/TP/degreelist/sub-NDARPL240HZT_TP.npy
sub-NDARPT777FDA
<IPython.core.display.HTML object>
checking /om/scratch/Thu/jsmentch/hbn_cifti_cleaned/smoothed/filtered/sub-NDARPT777FDA/sub-NDARPT777FDA_clean_task-movieTP_space-fsLR_den-91k_bold.dtseries.nii
processing /om/scratch/Thu/jsmentch/hbn_cifti_cleaned/smoothed/filtered/sub-NDARPT777FDA/sub-NDARPT777FDA_clean_task-movieTP_space-fsLR_den-91k_bold.dtseries.nii
saved ../outputs/mapper/HBN/TP/degreelist/sub-NDARPT777FDA_TP.npy
sub-NDARRP008LJ6
<IPython.core.display.HTML object>
checking /om/scratch/Thu/jsmentch/hbn_cifti_cleaned/smoothed/filtered/sub-NDARRP008LJ6/sub-NDARRP008LJ6_clean_task-movieTP_space-fsLR_den-91k_bold.dtseries.nii
processing /om/scratch/Thu/jsmentch/hbn_cifti_cleaned/smoothed/filtered/sub-NDARRP008LJ6/sub-NDARRP008LJ6_clean_task-movieTP_space-fsLR_den-91k_bold.dtseries.nii
saved ../outputs/mapper/HBN/TP/degreelist/sub-NDARRP008LJ6_TP.npy
sub-NDARRX552PP2
<IPython.core.display.HTML object>
checking /om/scratch/Thu/jsmentch/hbn_cifti_cleaned/smoothed/filtered/sub-NDARRX552PP2/sub-NDARRX552PP2_clean_task-movieTP_space-fsLR_den-91k_bold.dtseries.nii
processing /om/scratch/Thu/jsmentch/hbn_cifti_cleaned/smoothed/filtered/sub-NDARRX552PP2/sub-NDARRX552PP2_clean_task-movieTP_space-fsLR_den-91k_bold.dtseries.nii
saved ../outputs/mapper/HBN/TP/degreelist/sub-NDARRX552PP2_TP.npy
sub-NDARRY714GEY
<IPython.core.display.HTML object>
checking /om/scratch/Thu/jsmentch/hbn_cifti_cleaned/smoothed/filtered/sub-NDARRY714GEY/sub-NDARRY714GEY_clean_task-movieTP_space-fsLR_den-91k_bold.dtseries.nii
processing /om/scratch/Thu/jsmentch/hbn_cifti_cleaned/smoothed/filtered/sub-NDARRY714GEY/sub-NDARRY714GEY_clean_task-movieTP_space-fsLR_den-91k_bold.dtseries.nii
saved ../outputs/mapper/HBN/TP/degreelist/sub-NDARRY714GEY_TP.npy
