sub-NDARMU053YEU
<IPython.core.display.HTML object>
checking /om/scratch/Thu/jsmentch/hbn_cifti_cleaned/smoothed/filtered/sub-NDARMU053YEU/sub-NDARMU053YEU_clean_task-movieTP_space-fsLR_den-91k_bold.dtseries.nii
processing /om/scratch/Thu/jsmentch/hbn_cifti_cleaned/smoothed/filtered/sub-NDARMU053YEU/sub-NDARMU053YEU_clean_task-movieTP_space-fsLR_den-91k_bold.dtseries.nii
saved ../outputs/mapper/HBN/TP/degreelist/sub-NDARMU053YEU_TP.npy
sub-NDARMU518TVN
<IPython.core.display.HTML object>
checking /om/scratch/Thu/jsmentch/hbn_cifti_cleaned/smoothed/filtered/sub-NDARMU518TVN/sub-NDARMU518TVN_clean_task-movieTP_space-fsLR_den-91k_bold.dtseries.nii
processing /om/scratch/Thu/jsmentch/hbn_cifti_cleaned/smoothed/filtered/sub-NDARMU518TVN/sub-NDARMU518TVN_clean_task-movieTP_space-fsLR_den-91k_bold.dtseries.nii
saved ../outputs/mapper/HBN/TP/degreelist/sub-NDARMU518TVN_TP.npy
sub-NDARJH99CWH
<IPython.core.display.HTML object>
checking /om/scratch/Thu/jsmentch/hbn_cifti_cleaned/smoothed/filtered/sub-NDARJH99CWH/sub-NDARJH99CWH_clean_task-movieTP_space-fsLR_den-91k_bold.dtseries.nii
sub-NDARMV274TAY
<IPython.core.display.HTML object>
checking /om/scratch/Thu/jsmentch/hbn_cifti_cleaned/smoothed/filtered/sub-NDARMV274TAY/sub-NDARMV274TAY_clean_task-movieTP_space-fsLR_den-91k_bold.dtseries.nii
processing /om/scratch/Thu/jsmentch/hbn_cifti_cleaned/smoothed/filtered/sub-NDARMV274TAY/sub-NDARMV274TAY_clean_task-movieTP_space-fsLR_den-91k_bold.dtseries.nii
saved ../outputs/mapper/HBN/TP/degreelist/sub-NDARMV274TAY_TP.npy
sub-NDARMV718DYL
<IPython.core.display.HTML object>
checking /om/scratch/Thu/jsmentch/hbn_cifti_cleaned/smoothed/filtered/sub-NDARMV718DYL/sub-NDARMV718DYL_clean_task-movieTP_space-fsLR_den-91k_bold.dtseries.nii
processing /om/scratch/Thu/jsmentch/hbn_cifti_cleaned/smoothed/filtered/sub-NDARMV718DYL/sub-NDARMV718DYL_clean_task-movieTP_space-fsLR_den-91k_bold.dtseries.nii
saved ../outputs/mapper/HBN/TP/degreelist/sub-NDARMV718DYL_TP.npy
