Submitted job for: sid000010
Command :
singularity run --cleanenv -B /om2 -B /om/scratch/Mon/jsmentch/fmriprep:/workdir -B /om4/group/gablab/data/jsmentch/ds003017/ /om2/user/jsmentch/fmriprep.simg /om4/group/gablab/data/jsmentch/ds003017/ /om4/group/gablab/data/jsmentch/ds003017//derivatives participant -w /workdir --participant-label sid000010 --cifti-output --nthreads 8 --output-spaces MNI152NLin6Asym:res-2 --resource-monitor --skip_bids_validation --omp-nthreads 8 --mem_mb 24000 --fs-license-file /om2/user/jsmentch/data/freesurfer_license.txt
/usr/local/miniconda/lib/python3.7/site-packages/bids/layout/validation.py:46: UserWarning: The ability to pass arguments to BIDSLayout that control indexing is likely to be removed in future; possibly as early as PyBIDS 0.14. This includes the `config_filename`, `ignore`, `force_index`, and `index_metadata` arguments. The recommended usage pattern is to initialize a new BIDSLayoutIndexer with these arguments, and pass it to the BIDSLayout via the `indexer` argument.
  warnings.warn("The ability to pass arguments to BIDSLayout that control "
210618-11:38:32,25 nipype.workflow IMPORTANT:
	 
    Running fMRIPREP version 20.2.1:
      * BIDS dataset path: /om4/group/gablab/data/jsmentch/ds003017.
      * Participant list: ['sid000010'].
      * Run identifier: 20210618-095820_16d81781-da1e-463b-acb5-93631b37b4f0.
      * Output spaces: MNI152NLin6Asym:res-2.
      * Pre-run FreeSurfer's SUBJECTS_DIR: /om4/group/gablab/data/jsmentch/ds003017/derivatives/freesurfer.
210618-11:41:40,386 nipype.workflow INFO:
	 No single-band-reference found for sub-sid000010_task-movie_run-01_bold.nii.gz.
210618-11:43:37,334 nipype.workflow IMPORTANT:
	 Slice-timing correction will be included.
210618-11:43:50,360 nipype.interface INFO:
	 We advise you to upgrade DIPY version. This upgrade will open access to more function
210618-11:43:50,366 nipype.interface INFO:
	 We advise you to upgrade DIPY version. This upgrade will open access to more function
210618-11:43:50,367 nipype.interface INFO:
	 We advise you to upgrade DIPY version. This upgrade will open access to more models
210618-11:44:51,485 nipype.workflow INFO:
	 No single-band-reference found for sub-sid000010_task-movie_run-02_bold.nii.gz.
210618-11:44:54,15 nipype.workflow IMPORTANT:
	 Slice-timing correction will be included.
210618-11:45:20,345 nipype.workflow INFO:
	 No single-band-reference found for sub-sid000010_task-movie_run-03_bold.nii.gz.
210618-11:45:54,273 nipype.workflow IMPORTANT:
	 Slice-timing correction will be included.
210618-11:46:20,309 nipype.workflow INFO:
	 No single-band-reference found for sub-sid000010_task-movie_run-04_bold.nii.gz.
210618-11:46:40,280 nipype.workflow IMPORTANT:
	 Slice-timing correction will be included.
210618-11:47:16,617 nipype.workflow INFO:
	 No single-band-reference found for sub-sid000010_task-movie_run-05_bold.nii.gz.
210618-11:48:09,403 nipype.workflow IMPORTANT:
	 Slice-timing correction will be included.
210618-12:04:20,460 nipype.workflow INFO:
	 fMRIPrep workflow graph with 1553 nodes built successfully.
Could not generate CITATION.html file:
pandoc -s --bibliography /usr/local/miniconda/lib/python3.7/site-packages/fmriprep/data/boilerplate.bib --filter pandoc-citeproc --metadata pagetitle="fMRIPrep citation boilerplate" /om4/group/gablab/data/jsmentch/ds003017/derivatives/fmriprep/logs/CITATION.md -o /om4/group/gablab/data/jsmentch/ds003017/derivatives/fmriprep/logs/CITATION.html
Could not generate CITATION.tex file:
pandoc -s --bibliography /usr/local/miniconda/lib/python3.7/site-packages/fmriprep/data/boilerplate.bib --natbib /om4/group/gablab/data/jsmentch/ds003017/derivatives/fmriprep/logs/CITATION.md -o /om4/group/gablab/data/jsmentch/ds003017/derivatives/fmriprep/logs/CITATION.tex
210618-12:24:36,255 nipype.workflow IMPORTANT:
	 fMRIPrep started!
210618-12:36:06,57 nipype.workflow WARNING:
	 Some nodes exceed the total amount of memory available (24.00GB).
210618-12:53:20,424 nipype.workflow INFO:
	 [Node] Setting-up "fmriprep_wf.single_subject_sid000010_wf.func_preproc_task_movie_run_01_wf.func_derivatives_wf.raw_sources" in "/workdir/fmriprep_wf/single_subject_sid000010_wf/func_preproc_task_movie_run_01_wf/func_derivatives_wf/raw_sources".
210618-12:53:53,245 nipype.workflow INFO:
	 [Node] Running "raw_sources" ("nipype.interfaces.utility.wrappers.Function")
210618-12:54:03,381 nipype.workflow INFO:
	 [Node] Setting-up "fmriprep_wf.single_subject_sid000010_wf.func_preproc_task_movie_run_02_wf.func_derivatives_wf.raw_sources" in "/workdir/fmriprep_wf/single_subject_sid000010_wf/func_preproc_task_movie_run_02_wf/func_derivatives_wf/raw_sources".
210618-12:54:06,401 nipype.workflow INFO:
	 [Node] Finished "fmriprep_wf.single_subject_sid000010_wf.func_preproc_task_movie_run_01_wf.func_derivatives_wf.raw_sources".
210618-12:54:12,404 nipype.workflow INFO:
	 [Node] Running "raw_sources" ("nipype.interfaces.utility.wrappers.Function")
210618-12:54:35,373 nipype.workflow INFO:
	 [Node] Finished "fmriprep_wf.single_subject_sid000010_wf.func_preproc_task_movie_run_02_wf.func_derivatives_wf.raw_sources".
210618-12:57:22,853 nipype.workflow INFO:
	 [Node] Setting-up "fmriprep_wf.single_subject_sid000010_wf.func_preproc_task_movie_run_03_wf.func_derivatives_wf.raw_sources" in "/workdir/fmriprep_wf/single_subject_sid000010_wf/func_preproc_task_movie_run_03_wf/func_derivatives_wf/raw_sources".
210618-12:57:24,729 nipype.workflow INFO:
	 [Node] Running "raw_sources" ("nipype.interfaces.utility.wrappers.Function")
210618-12:57:28,433 nipype.workflow INFO:
	 [Node] Finished "fmriprep_wf.single_subject_sid000010_wf.func_preproc_task_movie_run_03_wf.func_derivatives_wf.raw_sources".
210618-13:05:01,459 nipype.workflow INFO:
	 [Node] Setting-up "fmriprep_wf.single_subject_sid000010_wf.func_preproc_task_movie_run_02_wf.initial_boldref_wf.val_bold" in "/workdir/fmriprep_wf/single_subject_sid000010_wf/func_preproc_task_movie_run_02_wf/initial_boldref_wf/val_bold".
210618-13:05:05,355 nipype.workflow INFO:
	 [Node] Setting-up "fmriprep_wf.single_subject_sid000010_wf.func_preproc_task_movie_run_02_wf.sdc_estimate_wf.phdiff_wf.magnitude_wf.magmrg" in "/workdir/fmriprep_wf/single_subject_sid000010_wf/func_preproc_task_movie_run_02_wf/sdc_estimate_wf/phdiff_wf/magnitude_wf/magmrg".
210618-13:05:05,355 nipype.workflow INFO:
	 [Node] Setting-up "fmriprep_wf.single_subject_sid000010_wf.func_preproc_task_movie_run_01_wf.sdc_estimate_wf.phdiff_wf.magnitude_wf.magmrg" in "/workdir/fmriprep_wf/single_subject_sid000010_wf/func_preproc_task_movie_run_01_wf/sdc_estimate_wf/phdiff_wf/magnitude_wf/magmrg".
210618-13:05:05,393 nipype.workflow INFO:
	 [Node] Running "magmrg" ("niworkflows.interfaces.images.IntraModalMerge")
210618-13:05:05,394 nipype.workflow INFO:
	 [Node] Running "magmrg" ("niworkflows.interfaces.images.IntraModalMerge")
210618-13:05:20,391 nipype.workflow INFO:
	 [Node] Setting-up "_val_bold0" in "/workdir/fmriprep_wf/single_subject_sid000010_wf/func_preproc_task_movie_run_02_wf/initial_boldref_wf/val_bold/mapflow/_val_bold0".
210618-13:05:20,455 nipype.workflow INFO:
	 [Node] Setting-up "fmriprep_wf.single_subject_sid000010_wf.func_preproc_task_movie_run_01_wf.initial_boldref_wf.val_bold" in "/workdir/fmriprep_wf/single_subject_sid000010_wf/func_preproc_task_movie_run_01_wf/initial_boldref_wf/val_bold".
210618-13:05:20,459 nipype.workflow INFO:
	 [Node] Setting-up "fmriprep_wf.single_subject_sid000010_wf.func_preproc_task_movie_run_03_wf.sdc_estimate_wf.phdiff_wf.magnitude_wf.magmrg" in "/workdir/fmriprep_wf/single_subject_sid000010_wf/func_preproc_task_movie_run_03_wf/sdc_estimate_wf/phdiff_wf/magnitude_wf/magmrg".
210618-13:05:21,432 nipype.workflow INFO:
	 [Node] Running "_val_bold0" ("niworkflows.interfaces.images.ValidateImage")
210618-13:05:21,432 nipype.workflow INFO:
	 [Node] Running "magmrg" ("niworkflows.interfaces.images.IntraModalMerge")
210618-13:05:28,435 nipype.workflow INFO:
	 [Node] Setting-up "_val_bold0" in "/workdir/fmriprep_wf/single_subject_sid000010_wf/func_preproc_task_movie_run_01_wf/initial_boldref_wf/val_bold/mapflow/_val_bold0".
210618-13:05:28,444 nipype.workflow INFO:
	 [Node] Running "_val_bold0" ("niworkflows.interfaces.images.ValidateImage")
210618-13:06:17,830 nipype.workflow INFO:
	 [Node] Finished "fmriprep_wf.single_subject_sid000010_wf.func_preproc_task_movie_run_03_wf.sdc_estimate_wf.phdiff_wf.magnitude_wf.magmrg".
210618-13:06:17,837 nipype.workflow INFO:
	 [Node] Finished "fmriprep_wf.single_subject_sid000010_wf.func_preproc_task_movie_run_02_wf.sdc_estimate_wf.phdiff_wf.magnitude_wf.magmrg".
210618-13:06:17,851 nipype.workflow INFO:
	 [Node] Finished "fmriprep_wf.single_subject_sid000010_wf.func_preproc_task_movie_run_01_wf.sdc_estimate_wf.phdiff_wf.magnitude_wf.magmrg".
210618-13:06:23,349 nipype.workflow INFO:
	 [Node] Finished "_val_bold0".
210618-13:06:23,349 nipype.workflow INFO:
	 [Node] Finished "_val_bold0".
210618-13:06:23,374 nipype.workflow INFO:
	 [Node] Finished "fmriprep_wf.single_subject_sid000010_wf.func_preproc_task_movie_run_02_wf.initial_boldref_wf.val_bold".
210618-13:06:23,374 nipype.workflow INFO:
	 [Node] Finished "fmriprep_wf.single_subject_sid000010_wf.func_preproc_task_movie_run_01_wf.initial_boldref_wf.val_bold".
210618-13:06:47,435 nipype.workflow INFO:
	 [Node] Setting-up "fmriprep_wf.single_subject_sid000010_wf.func_preproc_task_movie_run_04_wf.func_derivatives_wf.raw_sources" in "/workdir/fmriprep_wf/single_subject_sid000010_wf/func_preproc_task_movie_run_04_wf/func_derivatives_wf/raw_sources".
210618-13:06:49,428 nipype.workflow INFO:
	 [Node] Running "raw_sources" ("nipype.interfaces.utility.wrappers.Function")
210618-13:06:55,357 nipype.workflow INFO:
	 [Node] Finished "fmriprep_wf.single_subject_sid000010_wf.func_preproc_task_movie_run_04_wf.func_derivatives_wf.raw_sources".
210618-13:12:27,452 nipype.workflow INFO:
	 [Node] Setting-up "fmriprep_wf.single_subject_sid000010_wf.func_preproc_task_movie_run_02_wf.initial_boldref_wf.gen_ref" in "/workdir/fmriprep_wf/single_subject_sid000010_wf/func_preproc_task_movie_run_02_wf/initial_boldref_wf/gen_ref".
210618-13:12:35,179 nipype.workflow INFO:
	 [Node] Running "gen_ref" ("niworkflows.interfaces.registration.EstimateReferenceImage")
210618-13:15:30,370 nipype.workflow INFO:
	 [Node] Setting-up "fmriprep_wf.single_subject_sid000010_wf.func_preproc_task_movie_run_04_wf.sdc_estimate_wf.phdiff_wf.magnitude_wf.magmrg" in "/workdir/fmriprep_wf/single_subject_sid000010_wf/func_preproc_task_movie_run_04_wf/sdc_estimate_wf/phdiff_wf/magnitude_wf/magmrg".
210618-13:15:36,447 nipype.workflow INFO:
	 [Node] Running "magmrg" ("niworkflows.interfaces.images.IntraModalMerge")
210618-13:18:33,419 nipype.workflow INFO:
	 [Node] Setting-up "fmriprep_wf.single_subject_sid000010_wf.func_preproc_task_movie_run_04_wf.initial_boldref_wf.val_bold" in "/workdir/fmriprep_wf/single_subject_sid000010_wf/func_preproc_task_movie_run_04_wf/initial_boldref_wf/val_bold".
210618-13:18:33,419 nipype.workflow INFO:
	 [Node] Setting-up "fmriprep_wf.single_subject_sid000010_wf.func_preproc_task_movie_run_05_wf.func_derivatives_wf.raw_sources" in "/workdir/fmriprep_wf/single_subject_sid000010_wf/func_preproc_task_movie_run_05_wf/func_derivatives_wf/raw_sources".
210618-13:18:34,453 nipype.workflow INFO:
	 [Node] Setting-up "fmriprep_wf.single_subject_sid000010_wf.func_preproc_task_movie_run_05_wf.sdc_estimate_wf.phdiff_wf.magnitude_wf.magmrg" in "/workdir/fmriprep_wf/single_subject_sid000010_wf/func_preproc_task_movie_run_05_wf/sdc_estimate_wf/phdiff_wf/magnitude_wf/magmrg".
210618-13:18:38,442 nipype.workflow INFO:
	 [Node] Setting-up "_val_bold0" in "/workdir/fmriprep_wf/single_subject_sid000010_wf/func_preproc_task_movie_run_04_wf/initial_boldref_wf/val_bold/mapflow/_val_bold0".
210618-13:18:40,380 nipype.workflow INFO:
	 [Node] Running "raw_sources" ("nipype.interfaces.utility.wrappers.Function")
210618-13:19:07,289 nipype.workflow INFO:
	 [Node] Running "magmrg" ("niworkflows.interfaces.images.IntraModalMerge")
210618-13:19:21,673 nipype.workflow INFO:
	 [Node] Running "_val_bold0" ("niworkflows.interfaces.images.ValidateImage")
210618-13:19:23,341 nipype.workflow INFO:
	 [Node] Finished "fmriprep_wf.single_subject_sid000010_wf.func_preproc_task_movie_run_05_wf.func_derivatives_wf.raw_sources".
210618-13:21:02,802 nipype.workflow INFO:
	 [Node] Finished "fmriprep_wf.single_subject_sid000010_wf.func_preproc_task_movie_run_04_wf.sdc_estimate_wf.phdiff_wf.magnitude_wf.magmrg".
210618-13:21:03,247 nipype.workflow INFO:
	 [Node] Finished "_val_bold0".
210618-13:21:03,253 nipype.workflow INFO:
	 [Node] Finished "fmriprep_wf.single_subject_sid000010_wf.func_preproc_task_movie_run_04_wf.initial_boldref_wf.val_bold".
210618-13:21:03,434 nipype.workflow INFO:
	 [Node] Finished "fmriprep_wf.single_subject_sid000010_wf.func_preproc_task_movie_run_05_wf.sdc_estimate_wf.phdiff_wf.magnitude_wf.magmrg".
210618-13:21:03,871 nipype.interface INFO:
	 stderr 2021-06-18T13:21:03.871373:++ 3dvolreg: AFNI version=Debian-16.2.07~dfsg.1-5~nd16.04+1 (Jun 12 2017) [64-bit]
210618-13:21:03,872 nipype.interface INFO:
	 stderr 2021-06-18T13:21:03.871373:++ Authored by: RW Cox
210618-13:21:03,952 nipype.interface INFO:
	 stderr 2021-06-18T13:21:03.952338:** AFNI converts NIFTI_datatype=4 (INT16) in file /workdir/fmriprep_wf/single_subject_sid000010_wf/func_preproc_task_movie_run_02_wf/initial_boldref_wf/gen_ref/slice.nii.gz to FLOAT32
210618-13:21:03,952 nipype.interface INFO:
	 stderr 2021-06-18T13:21:03.952338:     Warnings of this type will be muted for this session.
210618-13:21:03,952 nipype.interface INFO:
	 stderr 2021-06-18T13:21:03.952338:     Set AFNI_NIFTI_TYPE_WARN to YES to see them all, NO to see none.
210618-13:21:04,25 nipype.interface INFO:
	 stderr 2021-06-18T13:21:04.025207:[7m*+ WARNING:[0m   If you are performing spatial transformations on an oblique dset, 
210618-13:21:04,25 nipype.interface INFO:
	 stderr 2021-06-18T13:21:04.025207:  such as /workdir/fmriprep_wf/single_subject_sid000010_wf/func_preproc_task_movie_run_02_wf/initial_boldref_wf/gen_ref/slice.nii.gz,
210618-13:21:04,25 nipype.interface INFO:
	 stderr 2021-06-18T13:21:04.025207:  or viewing/combining it with volumes of differing obliquity,
210618-13:21:04,25 nipype.interface INFO:
	 stderr 2021-06-18T13:21:04.025207:  you should consider running: 
210618-13:21:04,25 nipype.interface INFO:
	 stderr 2021-06-18T13:21:04.025207:     3dWarp -deoblique 
210618-13:21:04,25 nipype.interface INFO:
	 stderr 2021-06-18T13:21:04.025207:  on this and  other oblique datasets in the same session.
210618-13:21:04,25 nipype.interface INFO:
	 stderr 2021-06-18T13:21:04.025207: See 3dWarp -help for details.
210618-13:21:04,25 nipype.interface INFO:
	 stderr 2021-06-18T13:21:04.025207:++ Oblique dataset:/workdir/fmriprep_wf/single_subject_sid000010_wf/func_preproc_task_movie_run_02_wf/initial_boldref_wf/gen_ref/slice.nii.gz is 2.191156 degrees from plumb.
210618-13:21:04,28 nipype.interface INFO:
	 stderr 2021-06-18T13:21:04.028644:++ Coarse del was 10, replaced with 5
210618-13:21:04,281 nipype.workflow INFO:
	 [Node] Setting-up "fmriprep_wf.single_subject_sid000010_wf.func_preproc_task_movie_run_03_wf.initial_boldref_wf.val_bold" in "/workdir/fmriprep_wf/single_subject_sid000010_wf/func_preproc_task_movie_run_03_wf/initial_boldref_wf/val_bold".
210618-13:21:04,421 nipype.workflow INFO:
	 [Node] Setting-up "_val_bold0" in "/workdir/fmriprep_wf/single_subject_sid000010_wf/func_preproc_task_movie_run_03_wf/initial_boldref_wf/val_bold/mapflow/_val_bold0".
210618-13:21:04,430 nipype.workflow INFO:
	 [Node] Running "_val_bold0" ("niworkflows.interfaces.images.ValidateImage")
210618-13:21:04,680 nipype.workflow INFO:
	 [Node] Setting-up "fmriprep_wf.single_subject_sid000010_wf.func_preproc_task_movie_run_01_wf.initial_boldref_wf.gen_ref" in "/workdir/fmriprep_wf/single_subject_sid000010_wf/func_preproc_task_movie_run_01_wf/initial_boldref_wf/gen_ref".
210618-13:21:04,711 nipype.workflow INFO:
	 [Node] Running "gen_ref" ("niworkflows.interfaces.registration.EstimateReferenceImage")
210618-13:21:04,728 nipype.workflow INFO:
	 [Node] Finished "_val_bold0".
210618-13:21:04,734 nipype.workflow INFO:
	 [Node] Finished "fmriprep_wf.single_subject_sid000010_wf.func_preproc_task_movie_run_03_wf.initial_boldref_wf.val_bold".
210618-13:21:06,118 nipype.workflow INFO:
	 [Node] Setting-up "fmriprep_wf.single_subject_sid000010_wf.func_preproc_task_movie_run_05_wf.initial_boldref_wf.val_bold" in "/workdir/fmriprep_wf/single_subject_sid000010_wf/func_preproc_task_movie_run_05_wf/initial_boldref_wf/val_bold".
210618-13:21:06,131 nipype.workflow INFO:
	 [Node] Setting-up "_val_bold0" in "/workdir/fmriprep_wf/single_subject_sid000010_wf/func_preproc_task_movie_run_05_wf/initial_boldref_wf/val_bold/mapflow/_val_bold0".
210618-13:21:06,140 nipype.workflow INFO:
	 [Node] Running "_val_bold0" ("niworkflows.interfaces.images.ValidateImage")
210618-13:22:39,381 nipype.workflow INFO:
	 [Node] Finished "_val_bold0".
210618-13:22:39,387 nipype.workflow INFO:
	 [Node] Finished "fmriprep_wf.single_subject_sid000010_wf.func_preproc_task_movie_run_05_wf.initial_boldref_wf.val_bold".
210618-13:22:40,513 nipype.workflow INFO:
	 [Node] Finished "fmriprep_wf.single_subject_sid000010_wf.func_preproc_task_movie_run_01_wf.initial_boldref_wf.gen_ref".
210618-13:22:43,589 nipype.workflow INFO:
	 [Node] Setting-up "fmriprep_wf.single_subject_sid000010_wf.func_preproc_task_movie_run_04_wf.initial_boldref_wf.gen_ref" in "/workdir/fmriprep_wf/single_subject_sid000010_wf/func_preproc_task_movie_run_04_wf/initial_boldref_wf/gen_ref".
210618-13:22:43,603 nipype.workflow INFO:
	 [Node] Running "gen_ref" ("niworkflows.interfaces.registration.EstimateReferenceImage")
210618-13:22:44,502 nipype.workflow INFO:
	 [Node] Setting-up "fmriprep_wf.single_subject_sid000010_wf.anat_preproc_wf.brain_extraction_wf.full_wm" in "/workdir/fmriprep_wf/single_subject_sid000010_wf/anat_preproc_wf/brain_extraction_wf/full_wm".
210618-13:22:44,502 nipype.workflow INFO:
	 [Node] Setting-up "fmriprep_wf.single_subject_sid000010_wf.anat_preproc_wf.brain_extraction_wf.lap_tmpl" in "/workdir/fmriprep_wf/single_subject_sid000010_wf/anat_preproc_wf/brain_extraction_wf/lap_tmpl".
210618-13:22:44,511 nipype.workflow INFO:
	 [Node] Setting-up "fmriprep_wf.single_subject_sid000010_wf.anat_preproc_wf.brain_extraction_wf.res_tmpl" in "/workdir/fmriprep_wf/single_subject_sid000010_wf/anat_preproc_wf/brain_extraction_wf/res_tmpl".
210618-13:22:44,524 nipype.workflow INFO:
	 [Node] Running "full_wm" ("nipype.interfaces.utility.wrappers.Function")
210618-13:22:44,527 nipype.workflow INFO:
	 [Node] Running "lap_tmpl" ("nipype.interfaces.ants.utils.ImageMath"), a CommandLine Interface with command:
ImageMath 3 tpl-OASIS30ANTs_res-01_T1w_maths.nii.gz Laplacian /home/jsmentch/.cache/templateflow/tpl-OASIS30ANTs/tpl-OASIS30ANTs_res-01_T1w.nii.gz 1.5 1
210618-13:22:44,532 nipype.workflow INFO:
	 [Node] Running "res_tmpl" ("niworkflows.interfaces.images.RegridToZooms")
210618-13:22:44,764 nipype.workflow INFO:
	 [Node] Setting-up "fmriprep_wf.single_subject_sid000010_wf.func_preproc_task_movie_run_01_wf.bold_hmc_wf.mcflirt" in "/workdir/fmriprep_wf/single_subject_sid000010_wf/func_preproc_task_movie_run_01_wf/bold_hmc_wf/mcflirt".
210618-13:22:44,793 nipype.workflow INFO:
	 [Node] Running "mcflirt" ("nipype.interfaces.fsl.preprocess.MCFLIRT"), a CommandLine Interface with command:
mcflirt -in /om4/group/gablab/data/jsmentch/ds003017/sub-sid000010/func/sub-sid000010_task-movie_run-01_bold.nii.gz -out /workdir/fmriprep_wf/single_subject_sid000010_wf/func_preproc_task_movie_run_01_wf/bold_hmc_wf/mcflirt/sub-sid000010_task-movie_run-01_bold_mcf.nii.gz -reffile /workdir/fmriprep_wf/single_subject_sid000010_wf/func_preproc_task_movie_run_01_wf/initial_boldref_wf/gen_ref/ref_bold.nii.gz -mats -plots -rmsabs -rmsrel
210618-13:22:45,509 nipype.workflow INFO:
	 [Node] Finished "fmriprep_wf.single_subject_sid000010_wf.anat_preproc_wf.brain_extraction_wf.full_wm".
210618-13:22:47,328 nipype.workflow INFO:
	 [Node] Setting-up "fmriprep_wf.single_subject_sid000010_wf.func_preproc_task_movie_run_03_wf.initial_boldref_wf.gen_ref" in "/workdir/fmriprep_wf/single_subject_sid000010_wf/func_preproc_task_movie_run_03_wf/initial_boldref_wf/gen_ref".
210618-13:22:47,344 nipype.workflow INFO:
	 [Node] Running "gen_ref" ("niworkflows.interfaces.registration.EstimateReferenceImage")
210618-13:22:48,126 nipype.workflow INFO:
	 [Node] Finished "fmriprep_wf.single_subject_sid000010_wf.anat_preproc_wf.brain_extraction_wf.res_tmpl".
210618-13:22:50,899 nipype.interface INFO:
	 stderr 2021-06-18T13:22:50.899012:++ 3dvolreg: AFNI version=Debian-16.2.07~dfsg.1-5~nd16.04+1 (Jun 12 2017) [64-bit]
210618-13:22:50,899 nipype.interface INFO:
	 stderr 2021-06-18T13:22:50.899012:++ Authored by: RW Cox
210618-13:22:50,925 nipype.interface INFO:
	 stderr 2021-06-18T13:22:50.925704:** AFNI converts NIFTI_datatype=4 (INT16) in file /workdir/fmriprep_wf/single_subject_sid000010_wf/func_preproc_task_movie_run_04_wf/initial_boldref_wf/gen_ref/slice.nii.gz to FLOAT32
210618-13:22:50,925 nipype.interface INFO:
	 stderr 2021-06-18T13:22:50.925704:     Warnings of this type will be muted for this session.
210618-13:22:50,926 nipype.interface INFO:
	 stderr 2021-06-18T13:22:50.925704:     Set AFNI_NIFTI_TYPE_WARN to YES to see them all, NO to see none.
210618-13:22:50,954 nipype.interface INFO:
	 stderr 2021-06-18T13:22:50.954784:[7m*+ WARNING:[0m   If you are performing spatial transformations on an oblique dset, 
210618-13:22:50,955 nipype.interface INFO:
	 stderr 2021-06-18T13:22:50.954784:  such as /workdir/fmriprep_wf/single_subject_sid000010_wf/func_preproc_task_movie_run_04_wf/initial_boldref_wf/gen_ref/slice.nii.gz,
210618-13:22:50,955 nipype.interface INFO:
	 stderr 2021-06-18T13:22:50.954784:  or viewing/combining it with volumes of differing obliquity,
210618-13:22:50,955 nipype.interface INFO:
	 stderr 2021-06-18T13:22:50.954784:  you should consider running: 
210618-13:22:50,955 nipype.interface INFO:
	 stderr 2021-06-18T13:22:50.954784:     3dWarp -deoblique 
210618-13:22:50,955 nipype.interface INFO:
	 stderr 2021-06-18T13:22:50.954784:  on this and  other oblique datasets in the same session.
210618-13:22:50,955 nipype.interface INFO:
	 stderr 2021-06-18T13:22:50.954784: See 3dWarp -help for details.
210618-13:22:50,955 nipype.interface INFO:
	 stderr 2021-06-18T13:22:50.954784:++ Oblique dataset:/workdir/fmriprep_wf/single_subject_sid000010_wf/func_preproc_task_movie_run_04_wf/initial_boldref_wf/gen_ref/slice.nii.gz is 2.191156 degrees from plumb.
210618-13:22:50,956 nipype.interface INFO:
	 stderr 2021-06-18T13:22:50.956415:++ Coarse del was 10, replaced with 5
210618-13:22:51,39 nipype.workflow INFO:
	 [Node] Setting-up "fmriprep_wf.single_subject_sid000010_wf.func_preproc_task_movie_run_05_wf.initial_boldref_wf.gen_ref" in "/workdir/fmriprep_wf/single_subject_sid000010_wf/func_preproc_task_movie_run_05_wf/initial_boldref_wf/gen_ref".
210618-13:22:51,58 nipype.workflow INFO:
	 [Node] Running "gen_ref" ("niworkflows.interfaces.registration.EstimateReferenceImage")
210618-13:22:51,445 nipype.workflow INFO:
	 [Node] Setting-up "fmriprep_wf.single_subject_sid000010_wf.func_preproc_task_movie_run_01_wf.bold_stc_wf.slice_timing_correction" in "/workdir/fmriprep_wf/single_subject_sid000010_wf/func_preproc_task_movie_run_01_wf/bold_stc_wf/slice_timing_correction".
210618-13:22:51,492 nipype.workflow INFO:
	 [Node] Running "slice_timing_correction" ("nipype.interfaces.afni.preprocess.TShift"), a CommandLine Interface with command:
3dTshift -ignore 1 -prefix sub-sid000010_task-movie_run-01_bold_tshift.nii.gz -tpattern @slice_timing.1D -TR 1s /workdir/fmriprep_wf/single_subject_sid000010_wf/func_preproc_task_movie_run_01_wf/bold_stc_wf/slice_timing_correction/sub-sid000010_task-movie_run-01_bold.nii.gz
210618-13:22:52,211 nipype.workflow INFO:
	 [Node] Finished "fmriprep_wf.single_subject_sid000010_wf.func_preproc_task_movie_run_03_wf.initial_boldref_wf.gen_ref".
210618-13:22:57,714 nipype.workflow INFO:
	 [Node] Setting-up "fmriprep_wf.single_subject_sid000010_wf.func_preproc_task_movie_run_03_wf.bold_hmc_wf.mcflirt" in "/workdir/fmriprep_wf/single_subject_sid000010_wf/func_preproc_task_movie_run_03_wf/bold_hmc_wf/mcflirt".
210618-13:22:57,925 nipype.workflow INFO:
	 [Node] Setting-up "fmriprep_wf.single_subject_sid000010_wf.bidssrc" in "/workdir/fmriprep_wf/single_subject_sid000010_wf/bidssrc".
210618-13:22:58,63 nipype.workflow INFO:
	 [Node] Running "mcflirt" ("nipype.interfaces.fsl.preprocess.MCFLIRT"), a CommandLine Interface with command:
mcflirt -in /om4/group/gablab/data/jsmentch/ds003017/sub-sid000010/func/sub-sid000010_task-movie_run-03_bold.nii.gz -out /workdir/fmriprep_wf/single_subject_sid000010_wf/func_preproc_task_movie_run_03_wf/bold_hmc_wf/mcflirt/sub-sid000010_task-movie_run-03_bold_mcf.nii.gz -reffile /workdir/fmriprep_wf/single_subject_sid000010_wf/func_preproc_task_movie_run_03_wf/initial_boldref_wf/gen_ref/ref_bold.nii.gz -mats -plots -rmsabs -rmsrel
210618-13:23:00,841 nipype.workflow INFO:
	 [Node] Running "bidssrc" ("niworkflows.interfaces.bids.BIDSDataGrabber")
210618-13:23:00,848 nipype.interface INFO:
	 No "t2w" images found for sub-sid000010
210618-13:23:00,848 nipype.interface INFO:
	 No "flair" images found for sub-sid000010
210618-13:23:00,850 nipype.interface INFO:
	 No "sbref" images found for sub-sid000010
210618-13:23:00,850 nipype.interface INFO:
	 No "roi" images found for sub-sid000010
210618-13:23:01,300 nipype.workflow INFO:
	 [Node] Finished "fmriprep_wf.single_subject_sid000010_wf.bidssrc".
210618-13:23:02,692 nipype.workflow INFO:
	 [Node] Setting-up "fmriprep_wf.single_subject_sid000010_wf.anat_preproc_wf.anat_template_wf.t1w_ref_dimensions" in "/workdir/fmriprep_wf/single_subject_sid000010_wf/anat_preproc_wf/anat_template_wf/t1w_ref_dimensions".
210618-13:23:02,706 nipype.workflow INFO:
	 [Node] Running "t1w_ref_dimensions" ("niworkflows.interfaces.images.TemplateDimensions")
210618-13:23:03,20 nipype.workflow INFO:
	 [Node] Finished "fmriprep_wf.single_subject_sid000010_wf.anat_preproc_wf.brain_extraction_wf.lap_tmpl".
210618-13:23:03,656 nipype.workflow INFO:
	 [Node] Setting-up "fmriprep_wf.single_subject_sid000010_wf.func_preproc_task_movie_run_03_wf.bold_stc_wf.slice_timing_correction" in "/workdir/fmriprep_wf/single_subject_sid000010_wf/func_preproc_task_movie_run_03_wf/bold_stc_wf/slice_timing_correction".
210618-13:23:03,706 nipype.workflow INFO:
	 [Node] Running "slice_timing_correction" ("nipype.interfaces.afni.preprocess.TShift"), a CommandLine Interface with command:
3dTshift -ignore 1 -prefix sub-sid000010_task-movie_run-03_bold_tshift.nii.gz -tpattern @slice_timing.1D -TR 1s /workdir/fmriprep_wf/single_subject_sid000010_wf/func_preproc_task_movie_run_03_wf/bold_stc_wf/slice_timing_correction/sub-sid000010_task-movie_run-03_bold.nii.gz
210618-13:23:04,192 nipype.workflow INFO:
	 [Node] Finished "fmriprep_wf.single_subject_sid000010_wf.func_preproc_task_movie_run_05_wf.initial_boldref_wf.gen_ref".
210618-13:23:04,463 nipype.workflow INFO:
	 [Node] Finished "fmriprep_wf.single_subject_sid000010_wf.anat_preproc_wf.anat_template_wf.t1w_ref_dimensions".
210618-13:23:05,702 nipype.workflow INFO:
	 [Node] Setting-up "fmriprep_wf.single_subject_sid000010_wf.func_preproc_task_movie_run_05_wf.bold_hmc_wf.mcflirt" in "/workdir/fmriprep_wf/single_subject_sid000010_wf/func_preproc_task_movie_run_05_wf/bold_hmc_wf/mcflirt".
210618-13:23:05,724 nipype.workflow INFO:
	 [Node] Running "mcflirt" ("nipype.interfaces.fsl.preprocess.MCFLIRT"), a CommandLine Interface with command:
mcflirt -in /om4/group/gablab/data/jsmentch/ds003017/sub-sid000010/func/sub-sid000010_task-movie_run-05_bold.nii.gz -out /workdir/fmriprep_wf/single_subject_sid000010_wf/func_preproc_task_movie_run_05_wf/bold_hmc_wf/mcflirt/sub-sid000010_task-movie_run-05_bold_mcf.nii.gz -reffile /workdir/fmriprep_wf/single_subject_sid000010_wf/func_preproc_task_movie_run_05_wf/initial_boldref_wf/gen_ref/ref_bold.nii.gz -mats -plots -rmsabs -rmsrel
210618-13:23:06,628 nipype.workflow INFO:
	 [Node] Setting-up "fmriprep_wf.single_subject_sid000010_wf.anat_preproc_wf.brain_extraction_wf.mrg_tmpl" in "/workdir/fmriprep_wf/single_subject_sid000010_wf/anat_preproc_wf/brain_extraction_wf/mrg_tmpl".
210618-13:23:06,646 nipype.workflow INFO:
	 [Node] Running "mrg_tmpl" ("nipype.interfaces.utility.base.Merge")
210618-13:23:06,659 nipype.workflow INFO:
	 [Node] Finished "fmriprep_wf.single_subject_sid000010_wf.anat_preproc_wf.brain_extraction_wf.mrg_tmpl".
210618-13:23:07,656 nipype.workflow INFO:
	 [Node] Setting-up "fmriprep_wf.single_subject_sid000010_wf.func_preproc_task_movie_run_05_wf.bold_stc_wf.slice_timing_correction" in "/workdir/fmriprep_wf/single_subject_sid000010_wf/func_preproc_task_movie_run_05_wf/bold_stc_wf/slice_timing_correction".
210618-13:23:07,723 nipype.workflow INFO:
	 [Node] Running "slice_timing_correction" ("nipype.interfaces.afni.preprocess.TShift"), a CommandLine Interface with command:
3dTshift -ignore 2 -prefix sub-sid000010_task-movie_run-05_bold_tshift.nii.gz -tpattern @slice_timing.1D -TR 1s /workdir/fmriprep_wf/single_subject_sid000010_wf/func_preproc_task_movie_run_05_wf/bold_stc_wf/slice_timing_correction/sub-sid000010_task-movie_run-05_bold.nii.gz
210618-13:28:19,435 nipype.workflow INFO:
	 [Node] Finished "fmriprep_wf.single_subject_sid000010_wf.func_preproc_task_movie_run_01_wf.bold_stc_wf.slice_timing_correction".
210618-13:28:19,435 nipype.workflow INFO:
	 [Node] Finished "fmriprep_wf.single_subject_sid000010_wf.func_preproc_task_movie_run_03_wf.bold_stc_wf.slice_timing_correction".
210618-13:36:05,693 nipype.workflow INFO:
	 [Node] Finished "fmriprep_wf.single_subject_sid000010_wf.func_preproc_task_movie_run_05_wf.bold_stc_wf.slice_timing_correction".
210618-13:39:04,589 nipype.workflow INFO:
	 [Node] Setting-up "fmriprep_wf.single_subject_sid000010_wf.func_preproc_task_movie_run_01_wf.bold_stc_wf.copy_xform" in "/workdir/fmriprep_wf/single_subject_sid000010_wf/func_preproc_task_movie_run_01_wf/bold_stc_wf/copy_xform".
210618-13:39:04,611 nipype.workflow INFO:
	 [Node] Setting-up "fmriprep_wf.single_subject_sid000010_wf.func_preproc_task_movie_run_05_wf.bold_stc_wf.copy_xform" in "/workdir/fmriprep_wf/single_subject_sid000010_wf/func_preproc_task_movie_run_05_wf/bold_stc_wf/copy_xform".
210618-13:39:04,590 nipype.workflow INFO:
	 [Node] Setting-up "fmriprep_wf.single_subject_sid000010_wf.func_preproc_task_movie_run_03_wf.bold_stc_wf.copy_xform" in "/workdir/fmriprep_wf/single_subject_sid000010_wf/func_preproc_task_movie_run_03_wf/bold_stc_wf/copy_xform".
210618-13:39:21,450 nipype.workflow INFO:
	 [Node] Running "copy_xform" ("niworkflows.interfaces.utils.CopyXForm")
210618-13:39:21,450 nipype.workflow INFO:
	 [Node] Running "copy_xform" ("niworkflows.interfaces.utils.CopyXForm")
210618-13:39:21,451 nipype.workflow INFO:
	 [Node] Running "copy_xform" ("niworkflows.interfaces.utils.CopyXForm")
